<html>
<body>
<pre>
<h1>Vision Build Log</h1>
<h2>Project:</h2>
E:\个人学习资料专区\新画板子\例程整理\VC例程整理\CreativeST_VC例程整理\LED\RVMDK\LED.uvproj
Project File Date:  05/20/2011

<h2>Output:</h2>
Build target 'CreativeST_VC'
compiling stm32f10x_it.c...
compiling led.c...
..\led.c(24): error:  #5: cannot open source input file "delay.h": No such file or directory
compiling main.c...
..\main.c(26): error:  #5: cannot open source input file "delay.h": No such file or directory
compiling printf.c...
..\printf.c(47): error:  #20: identifier "USART_InitTypeDef" is undefined
..\printf.c(49): error:  #20: identifier "GPIO_InitTypeDef" is undefined
..\printf.c(52): warning:  #223-D: function "RCC_APB2PeriphClockCmd" declared implicitly
..\printf.c(52): error:  #20: identifier "RCC_APB2Periph_USART1" is undefined
..\printf.c(52): error:  #20: identifier "RCC_APB2Periph_GPIOA" is undefined
..\printf.c(55): error:  #20: identifier "GPIO_Pin_9" is undefined
..\printf.c(56): error:  #20: identifier "GPIO_Speed_50MHz" is undefined
..\printf.c(57): error:  #20: identifier "GPIO_Mode_AF_PP" is undefined
..\printf.c(58): warning:  #223-D: function "GPIO_Init" declared implicitly
..\printf.c(61): error:  #20: identifier "GPIO_Pin_10" is undefined
..\printf.c(62): error:  #20: identifier "GPIO_Mode_IN_FLOATING" is undefined
..\printf.c(67): error:  #20: identifier "USART_WordLength_8b" is undefined
..\printf.c(68): error:  #20: identifier "USART_StopBits_1" is undefined
..\printf.c(69): error:  #20: identifier "USART_Parity_No" is undefined
..\printf.c(70): error:  #20: identifier "USART_HardwareFlowControl_None" is undefined
..\printf.c(71): error:  #20: identifier "USART_Mode_Tx" is undefined
..\printf.c(71): error:  #20: identifier "USART_Mode_Rx" is undefined
..\printf.c(72): warning:  #223-D: function "USART_Init" declared implicitly
..\printf.c(78): warning:  #223-D: function "USART_Cmd" declared implicitly
..\printf.c(82): warning:  #223-D: function "USART_ClearFlag" declared implicitly
..\printf.c(82): error:  #20: identifier "USART_FLAG_TC" is undefined
..\printf.c(98): warning:  #223-D: function "USART_GetFlagStatus" declared implicitly
..\printf.c(98): error:  #20: identifier "USART_FLAG_TC" is undefined
..\printf.c(101): warning:  #223-D: function "USART_SendData" declared implicitly
..\printf.c(122): warning:  #223-D: function "USART_GetFlagStatus" declared implicitly
..\printf.c(122): error:  #20: identifier "USART_FLAG_TC" is undefined
compiling misc.c...
..\Libraries\STM32F10x_StdPeriph_Driver\src\misc.c(98): warning:  #223-D: function "assert_param" declared implicitly
..\Libraries\STM32F10x_StdPeriph_Driver\src\misc.c(116): warning:  #223-D: function "assert_param" declared implicitly
..\Libraries\STM32F10x_StdPeriph_Driver\src\misc.c(157): warning:  #223-D: function "assert_param" declared implicitly
..\Libraries\STM32F10x_StdPeriph_Driver\src\misc.c(176): warning:  #223-D: function "assert_param" declared implicitly
..\Libraries\STM32F10x_StdPeriph_Driver\src\misc.c(200): warning:  #223-D: function "assert_param" declared implicitly
compiling stm32f10x_adc.c...
..\Libraries\STM32F10x_StdPeriph_Driver\src\stm32f10x_adc.c(181): warning:  #223-D: function "assert_param" declared implicitly
..\Libraries\STM32F10x_StdPeriph_Driver\src\stm32f10x_adc.c(222): warning:  #223-D: function "assert_param" declared implicitly
..\Libraries\STM32F10x_StdPeriph_Driver\src\stm32f10x_adc.c(301): warning:  #223-D: function "assert_param" declared implicitly
..\Libraries\STM32F10x_StdPeriph_Driver\src\stm32f10x_adc.c(326): warning:  #223-D: function "assert_param" declared implicitly
..\Libraries\STM32F10x_StdPeriph_Driver\src\stm32f10x_adc.c(356): warning:  #223-D: function "assert_param" declared implicitly
..\Libraries\STM32F10x_StdPeriph_Driver\src\stm32f10x_adc.c(381): warning:  #223-D: function "assert_param" declared implicitly
..\Libraries\STM32F10x_StdPeriph_Driver\src\stm32f10x_adc.c(395): warning:  #223-D: function "assert_param" declared implicitly
..\Libraries\STM32F10x_StdPeriph_Driver\src\stm32f10x_adc.c(419): warning:  #223-D: function "assert_param" declared implicitly
..\Libraries\STM32F10x_StdPeriph_Driver\src\stm32f10x_adc.c(433): warning:  #223-D: function "assert_param" declared implicitly
..\Libraries\STM32F10x_StdPeriph_Driver\src\stm32f10x_adc.c(459): warning:  #223-D: function "assert_param" declared implicitly
..\Libraries\STM32F10x_StdPeriph_Driver\src\stm32f10x_adc.c(484): warning:  #223-D: function "assert_param" declared implicitly
..\Libraries\STM32F10x_StdPeriph_Driver\src\stm32f10x_adc.c(513): warning:  #223-D: function "assert_param" declared implicitly
..\Libraries\STM32F10x_StdPeriph_Driver\src\stm32f10x_adc.c(538): warning:  #223-D: function "assert_param" declared implicitly
..\Libraries\STM32F10x_StdPeriph_Driver\src\stm32f10x_adc.c(593): warning:  #223-D: function "assert_param" declared implicitly
..\Libraries\STM32F10x_StdPeriph_Driver\src\stm32f10x_adc.c(688): warning:  #223-D: function "assert_param" declared implicitly
..\Libraries\STM32F10x_StdPeriph_Driver\src\stm32f10x_adc.c(710): warning:  #223-D: function "assert_param" declared implicitly
..\Libraries\STM32F10x_StdPeriph_Driver\src\stm32f10x_adc.c(736): warning:  #223-D: function "assert_param" declared implicitly
..\Libraries\STM32F10x_StdPeriph_Driver\src\stm32f10x_adc.c(762): warning:  #223-D: function "assert_param" declared implicitly
..\Libraries\STM32F10x_StdPeriph_Driver\src\stm32f10x_adc.c(802): warning:  #223-D: function "assert_param" declared implicitly
..\Libraries\STM32F10x_StdPeriph_Driver\src\stm32f10x_adc.c(826): warning:  #223-D: function "assert_param" declared implicitly
..\Libraries\STM32F10x_StdPeriph_Driver\src\stm32f10x_adc.c(851): warning:  #223-D: function "assert_param" declared implicitly
..\Libraries\STM32F10x_StdPeriph_Driver\src\stm32f10x_adc.c(876): warning:  #223-D: function "assert_param" declared implicitly
..\Libraries\STM32F10x_StdPeriph_Driver\src\stm32f10x_adc.c(933): warning:  #223-D: function "assert_param" declared implicitly
..\Libraries\STM32F10x_StdPeriph_Driver\src\stm32f10x_adc.c(997): warning:  #223-D: function "assert_param" declared implicitly
..\Libraries\STM32F10x_StdPeriph_Driver\src\stm32f10x_adc.c(1029): warning:  #223-D: function "assert_param" declared implicitly
..\Libraries\STM32F10x_StdPeriph_Driver\src\stm32f10x_adc.c(1056): warning:  #223-D: function "assert_param" declared implicitly
..\Libraries\STM32F10x_StdPeriph_Driver\src\stm32f10x_adc.c(1085): warning:  #223-D: function "assert_param" declared implicitly
..\Libraries\STM32F10x_StdPeriph_Driver\src\stm32f10x_adc.c(1110): warning:  #223-D: function "assert_param" declared implicitly
..\Libraries\STM32F10x_StdPeriph_Driver\src\stm32f10x_adc.c(1148): warning:  #223-D: function "assert_param" declared implicitly
..\Libraries\STM32F10x_StdPeriph_Driver\src\stm32f10x_adc.c(1169): warning:  #223-D: function "assert_param" declared implicitly
..\Libraries\STM32F10x_StdPeriph_Driver\src\stm32f10x_adc.c(1198): warning:  #223-D: function "assert_param" declared implicitly
..\Libraries\STM32F10x_StdPeriph_Driver\src\stm32f10x_adc.c(1230): warning:  #223-D: function "assert_param" declared implicitly
..\Libraries\STM32F10x_StdPeriph_Driver\src\stm32f10x_adc.c(1251): warning:  #223-D: function "assert_param" declared implicitly
..\Libraries\STM32F10x_StdPeriph_Driver\src\stm32f10x_adc.c(1286): warning:  #223-D: function "assert_param" declared implicitly
compiling stm32f10x_bkp.c...
..\Libraries\STM32F10x_StdPeriph_Driver\src\stm32f10x_bkp.c(136): warning:  #223-D: function "assert_param" declared implicitly
..\Libraries\STM32F10x_StdPeriph_Driver\src\stm32f10x_bkp.c(149): warning:  #223-D: function "assert_param" declared implicitly
..\Libraries\STM32F10x_StdPeriph_Driver\src\stm32f10x_bkp.c(162): warning:  #223-D: function "assert_param" declared implicitly
..\Libraries\STM32F10x_StdPeriph_Driver\src\stm32f10x_bkp.c(183): warning:  #223-D: function "assert_param" declared implicitly
..\Libraries\STM32F10x_StdPeriph_Driver\src\stm32f10x_bkp.c(204): warning:  #223-D: function "assert_param" declared implicitly
..\Libraries\STM32F10x_StdPeriph_Driver\src\stm32f10x_bkp.c(226): warning:  #223-D: function "assert_param" declared implicitly
..\Libraries\STM32F10x_StdPeriph_Driver\src\stm32f10x_bkp.c(245): warning:  #223-D: function "assert_param" declared implicitly
compiling stm32f10x_can.c...
..\Libraries\STM32F10x_StdPeriph_Driver\src\stm32f10x_can.c(117): warning:  #223-D: function "assert_param" declared implicitly
..\Libraries\STM32F10x_StdPeriph_Driver\src\stm32f10x_can.c(149): warning:  #223-D: function "assert_param" declared implicitly
..\Libraries\STM32F10x_StdPeriph_Driver\src\stm32f10x_can.c(283): warning:  #223-D: function "assert_param" declared implicitly
..\Libraries\STM32F10x_StdPeriph_Driver\src\stm32f10x_can.c(407): warning:  #223-D: function "assert_param" declared implicitly
..\Libraries\STM32F10x_StdPeriph_Driver\src\stm32f10x_can.c(442): warning:  #223-D: function "assert_param" declared implicitly
..\Libraries\STM32F10x_StdPeriph_Driver\src\stm32f10x_can.c(470): warning:  #223-D: function "assert_param" declared implicitly
..\Libraries\STM32F10x_StdPeriph_Driver\src\stm32f10x_can.c(541): warning:  #223-D: function "assert_param" declared implicitly
..\Libraries\STM32F10x_StdPeriph_Driver\src\stm32f10x_can.c(588): warning:  #223-D: function "assert_param" declared implicitly
..\Libraries\STM32F10x_StdPeriph_Driver\src\stm32f10x_can.c(613): warning:  #223-D: function "assert_param" declared implicitly
..\Libraries\STM32F10x_StdPeriph_Driver\src\stm32f10x_can.c(637): warning:  #223-D: function "assert_param" declared implicitly
..\Libraries\STM32F10x_StdPeriph_Driver\src\stm32f10x_can.c(665): warning:  #223-D: function "assert_param" declared implicitly
..\Libraries\STM32F10x_StdPeriph_Driver\src\stm32f10x_can.c(706): warning:  #223-D: function "assert_param" declared implicitly
..\Libraries\STM32F10x_StdPeriph_Driver\src\stm32f10x_can.c(731): warning:  #223-D: function "assert_param" declared implicitly
..\Libraries\STM32F10x_StdPeriph_Driver\src\stm32f10x_can.c(757): warning:  #223-D: function "assert_param" declared implicitly
..\Libraries\STM32F10x_StdPeriph_Driver\src\stm32f10x_can.c(803): warning:  #223-D: function "assert_param" declared implicitly
..\Libraries\STM32F10x_StdPeriph_Driver\src\stm32f10x_can.c(902): warning:  #223-D: function "assert_param" declared implicitly
..\Libraries\STM32F10x_StdPeriph_Driver\src\stm32f10x_can.c(962): warning:  #223-D: function "assert_param" declared implicitly
..\Libraries\STM32F10x_StdPeriph_Driver\src\stm32f10x_can.c(1065): warning:  #223-D: function "assert_param" declared implicitly
compiling stm32f10x_cec.c...
..\Libraries\STM32F10x_StdPeriph_Driver\src\stm32f10x_cec.c(139): warning:  #223-D: function "assert_param" declared implicitly
..\Libraries\STM32F10x_StdPeriph_Driver\src\stm32f10x_cec.c(166): warning:  #223-D: function "assert_param" declared implicitly
..\Libraries\STM32F10x_StdPeriph_Driver\src\stm32f10x_cec.c(188): warning:  #223-D: function "assert_param" declared implicitly
..\Libraries\STM32F10x_StdPeriph_Driver\src\stm32f10x_cec.c(201): warning:  #223-D: function "assert_param" declared implicitly
..\Libraries\STM32F10x_StdPeriph_Driver\src\stm32f10x_cec.c(215): warning:  #223-D: function "assert_param" declared implicitly
..\Libraries\STM32F10x_StdPeriph_Driver\src\stm32f10x_cec.c(264): warning:  #223-D: function "assert_param" declared implicitly
..\Libraries\STM32F10x_StdPeriph_Driver\src\stm32f10x_cec.c(296): warning:  #223-D: function "assert_param" declared implicitly
..\Libraries\STM32F10x_StdPeriph_Driver\src\stm32f10x_cec.c(353): warning:  #223-D: function "assert_param" declared implicitly
..\Libraries\STM32F10x_StdPeriph_Driver\src\stm32f10x_cec.c(377): warning:  #223-D: function "assert_param" declared implicitly
..\Libraries\STM32F10x_StdPeriph_Driver\src\stm32f10x_cec.c(412): warning:  #223-D: function "assert_param" declared implicitly
compiling stm32f10x_crc.c...
compiling stm32f10x_dac.c...
..\Libraries\STM32F10x_StdPeriph_Driver\src\stm32f10x_dac.c(120): warning:  #223-D: function "assert_param" declared implicitly
..\Libraries\STM32F10x_StdPeriph_Driver\src\stm32f10x_dac.c(175): warning:  #223-D: function "assert_param" declared implicitly
..\Libraries\STM32F10x_StdPeriph_Driver\src\stm32f10x_dac.c(235): warning:  #223-D: function "assert_param" declared implicitly
..\Libraries\STM32F10x_StdPeriph_Driver\src\stm32f10x_dac.c(262): warning:  #223-D: function "assert_param" declared implicitly
..\Libraries\STM32F10x_StdPeriph_Driver\src\stm32f10x_dac.c(286): warning:  #223-D: function "assert_param" declared implicitly
..\Libraries\STM32F10x_StdPeriph_Driver\src\stm32f10x_dac.c(316): warning:  #223-D: function "assert_param" declared implicitly
..\Libraries\STM32F10x_StdPeriph_Driver\src\stm32f10x_dac.c(346): warning:  #223-D: function "assert_param" declared implicitly
..\Libraries\STM32F10x_StdPeriph_Driver\src\stm32f10x_dac.c(371): warning:  #223-D: function "assert_param" declared implicitly
..\Libraries\STM32F10x_StdPeriph_Driver\src\stm32f10x_dac.c(400): warning:  #223-D: function "assert_param" declared implicitly
..\Libraries\STM32F10x_StdPeriph_Driver\src\stm32f10x_dac.c(434): warning:  #223-D: function "assert_param" declared implicitly
compiling stm32f10x_dbgmcu.c...
..\Libraries\STM32F10x_StdPeriph_Driver\src\stm32f10x_dbgmcu.c(136): warning:  #223-D: function "assert_param" declared implicitly
compiling stm32f10x_dma.c...
..\Libraries\STM32F10x_StdPeriph_Driver\src\stm32f10x_dma.c(110): warning:  #223-D: function "assert_param" declared implicitly
..\Libraries\STM32F10x_StdPeriph_Driver\src\stm32f10x_dma.c(206): warning:  #223-D: function "assert_param" declared implicitly
..\Libraries\STM32F10x_StdPeriph_Driver\src\stm32f10x_dma.c(296): warning:  #223-D: function "assert_param" declared implicitly
..\Libraries\STM32F10x_StdPeriph_Driver\src\stm32f10x_dma.c(328): warning:  #223-D: function "assert_param" declared implicitly
..\Libraries\STM32F10x_StdPeriph_Driver\src\stm32f10x_dma.c(355): warning:  #223-D: function "assert_param" declared implicitly
..\Libraries\STM32F10x_StdPeriph_Driver\src\stm32f10x_dma.c(373): warning:  #223-D: function "assert_param" declared implicitly
..\Libraries\STM32F10x_StdPeriph_Driver\src\stm32f10x_dma.c(437): warning:  #223-D: function "assert_param" declared implicitly
..\Libraries\STM32F10x_StdPeriph_Driver\src\stm32f10x_dma.c(524): warning:  #223-D: function "assert_param" declared implicitly
..\Libraries\STM32F10x_StdPeriph_Driver\src\stm32f10x_dma.c(598): warning:  #223-D: function "assert_param" declared implicitly
..\Libraries\STM32F10x_StdPeriph_Driver\src\stm32f10x_dma.c(684): warning:  #223-D: function "assert_param" declared implicitly
compiling stm32f10x_exti.c...
..\Libraries\STM32F10x_StdPeriph_Driver\src\stm32f10x_exti.c(105): warning:  #223-D: function "assert_param" declared implicitly
..\Libraries\STM32F10x_StdPeriph_Driver\src\stm32f10x_exti.c(173): warning:  #223-D: function "assert_param" declared implicitly
..\Libraries\STM32F10x_StdPeriph_Driver\src\stm32f10x_exti.c(189): warning:  #223-D: function "assert_param" declared implicitly
..\Libraries\STM32F10x_StdPeriph_Driver\src\stm32f10x_exti.c(211): warning:  #223-D: function "assert_param" declared implicitly
..\Libraries\STM32F10x_StdPeriph_Driver\src\stm32f10x_exti.c(228): warning:  #223-D: function "assert_param" declared implicitly
..\Libraries\STM32F10x_StdPeriph_Driver\src\stm32f10x_exti.c(251): warning:  #223-D: function "assert_param" declared implicitly
compiling stm32f10x_flash.c...
..\Libraries\STM32F10x_StdPeriph_Driver\src\stm32f10x_flash.c(258): warning:  #223-D: function "assert_param" declared implicitly
..\Libraries\STM32F10x_StdPeriph_Driver\src\stm32f10x_flash.c(283): warning:  #223-D: function "assert_param" declared implicitly
..\Libraries\STM32F10x_StdPeriph_Driver\src\stm32f10x_flash.c(302): warning:  #223-D: function "assert_param" declared implicitly
..\Libraries\STM32F10x_StdPeriph_Driver\src\stm32f10x_flash.c(422): warning:  #223-D: function "assert_param" declared implicitly
..\Libraries\STM32F10x_StdPeriph_Driver\src\stm32f10x_flash.c(686): warning:  #223-D: function "assert_param" declared implicitly
..\Libraries\STM32F10x_StdPeriph_Driver\src\stm32f10x_flash.c(861): warning:  #223-D: function "assert_param" declared implicitly
..\Libraries\STM32F10x_StdPeriph_Driver\src\stm32f10x_flash.c(932): warning:  #223-D: function "assert_param" declared implicitly
..\Libraries\STM32F10x_StdPeriph_Driver\src\stm32f10x_flash.c(981): warning:  #223-D: function "assert_param" declared implicitly
..\Libraries\STM32F10x_StdPeriph_Driver\src\stm32f10x_flash.c(1052): warning:  #223-D: function "assert_param" declared implicitly
..\Libraries\STM32F10x_StdPeriph_Driver\src\stm32f10x_flash.c(1122): warning:  #223-D: function "assert_param" declared implicitly
..\Libraries\STM32F10x_StdPeriph_Driver\src\stm32f10x_flash.c(1324): warning:  #223-D: function "assert_param" declared implicitly
..\Libraries\STM32F10x_StdPeriph_Driver\src\stm32f10x_flash.c(1401): warning:  #223-D: function "assert_param" declared implicitly
..\Libraries\STM32F10x_StdPeriph_Driver\src\stm32f10x_flash.c(1461): warning:  #223-D: function "assert_param" declared implicitly
compiling stm32f10x_fsmc.c...
..\Libraries\STM32F10x_StdPeriph_Driver\src\stm32f10x_fsmc.c(104): warning:  #223-D: function "assert_param" declared implicitly
..\Libraries\STM32F10x_StdPeriph_Driver\src\stm32f10x_fsmc.c(131): warning:  #223-D: function "assert_param" declared implicitly
..\Libraries\STM32F10x_StdPeriph_Driver\src\stm32f10x_fsmc.c(178): warning:  #223-D: function "assert_param" declared implicitly
..\Libraries\STM32F10x_StdPeriph_Driver\src\stm32f10x_fsmc.c(265): warning:  #223-D: function "assert_param" declared implicitly
..\Libraries\STM32F10x_StdPeriph_Driver\src\stm32f10x_fsmc.c(328): warning:  #223-D: function "assert_param" declared implicitly
..\Libraries\STM32F10x_StdPeriph_Driver\src\stm32f10x_fsmc.c(474): warning:  #223-D: function "assert_param" declared implicitly
..\Libraries\STM32F10x_StdPeriph_Driver\src\stm32f10x_fsmc.c(500): warning:  #223-D: function "assert_param" declared implicitly
..\Libraries\STM32F10x_StdPeriph_Driver\src\stm32f10x_fsmc.c(537): warning:  #223-D: function "assert_param" declared implicitly
..\Libraries\STM32F10x_StdPeriph_Driver\src\stm32f10x_fsmc.c(563): warning:  #223-D: function "assert_param" declared implicitly
..\Libraries\STM32F10x_StdPeriph_Driver\src\stm32f10x_fsmc.c(636): warning:  #223-D: function "assert_param" declared implicitly
..\Libraries\STM32F10x_StdPeriph_Driver\src\stm32f10x_fsmc.c(700): warning:  #223-D: function "assert_param" declared implicitly
..\Libraries\STM32F10x_StdPeriph_Driver\src\stm32f10x_fsmc.c(747): warning:  #223-D: function "assert_param" declared implicitly
..\Libraries\STM32F10x_StdPeriph_Driver\src\stm32f10x_fsmc.c(785): warning:  #223-D: function "assert_param" declared implicitly
..\Libraries\STM32F10x_StdPeriph_Driver\src\stm32f10x_fsmc.c(833): warning:  #223-D: function "assert_param" declared implicitly
compiling stm32f10x_gpio.c...
..\Libraries\STM32F10x_StdPeriph_Driver\src\stm32f10x_gpio.c(110): warning:  #223-D: function "assert_param" declared implicitly
..\Libraries\STM32F10x_StdPeriph_Driver\src\stm32f10x_gpio.c(177): warning:  #223-D: function "assert_param" declared implicitly
..\Libraries\STM32F10x_StdPeriph_Driver\src\stm32f10x_gpio.c(285): warning:  #223-D: function "assert_param" declared implicitly
..\Libraries\STM32F10x_StdPeriph_Driver\src\stm32f10x_gpio.c(307): warning:  #223-D: function "assert_param" declared implicitly
..\Libraries\STM32F10x_StdPeriph_Driver\src\stm32f10x_gpio.c(323): warning:  #223-D: function "assert_param" declared implicitly
..\Libraries\STM32F10x_StdPeriph_Driver\src\stm32f10x_gpio.c(345): warning:  #223-D: function "assert_param" declared implicitly
..\Libraries\STM32F10x_StdPeriph_Driver\src\stm32f10x_gpio.c(360): warning:  #223-D: function "assert_param" declared implicitly
..\Libraries\STM32F10x_StdPeriph_Driver\src\stm32f10x_gpio.c(376): warning:  #223-D: function "assert_param" declared implicitly
..\Libraries\STM32F10x_StdPeriph_Driver\src\stm32f10x_gpio.c(396): warning:  #223-D: function "assert_param" declared implicitly
..\Libraries\STM32F10x_StdPeriph_Driver\src\stm32f10x_gpio.c(419): warning:  #223-D: function "assert_param" declared implicitly
..\Libraries\STM32F10x_StdPeriph_Driver\src\stm32f10x_gpio.c(436): warning:  #223-D: function "assert_param" declared implicitly
..\Libraries\STM32F10x_StdPeriph_Driver\src\stm32f10x_gpio.c(465): warning:  #223-D: function "assert_param" declared implicitly
..\Libraries\STM32F10x_StdPeriph_Driver\src\stm32f10x_gpio.c(485): warning:  #223-D: function "assert_param" declared implicitly
..\Libraries\STM32F10x_StdPeriph_Driver\src\stm32f10x_gpio.c(551): warning:  #223-D: function "assert_param" declared implicitly
..\Libraries\STM32F10x_StdPeriph_Driver\src\stm32f10x_gpio.c(610): warning:  #223-D: function "assert_param" declared implicitly
..\Libraries\STM32F10x_StdPeriph_Driver\src\stm32f10x_gpio.c(629): warning:  #223-D: function "assert_param" declared implicitly
compiling stm32f10x_i2c.c...
..\Libraries\STM32F10x_StdPeriph_Driver\src\stm32f10x_i2c.c(164): warning:  #223-D: function "assert_param" declared implicitly
..\Libraries\STM32F10x_StdPeriph_Driver\src\stm32f10x_i2c.c(197): warning:  #223-D: function "assert_param" declared implicitly
..\Libraries\STM32F10x_StdPeriph_Driver\src\stm32f10x_i2c.c(324): warning:  #223-D: function "assert_param" declared implicitly
..\Libraries\STM32F10x_StdPeriph_Driver\src\stm32f10x_i2c.c(348): warning:  #223-D: function "assert_param" declared implicitly
..\Libraries\STM32F10x_StdPeriph_Driver\src\stm32f10x_i2c.c(372): warning:  #223-D: function "assert_param" declared implicitly
..\Libraries\STM32F10x_StdPeriph_Driver\src\stm32f10x_i2c.c(396): warning:  #223-D: function "assert_param" declared implicitly
..\Libraries\STM32F10x_StdPeriph_Driver\src\stm32f10x_i2c.c(420): warning:  #223-D: function "assert_param" declared implicitly
..\Libraries\STM32F10x_StdPeriph_Driver\src\stm32f10x_i2c.c(444): warning:  #223-D: function "assert_param" declared implicitly
..\Libraries\STM32F10x_StdPeriph_Driver\src\stm32f10x_i2c.c(469): warning:  #223-D: function "assert_param" declared implicitly
..\Libraries\STM32F10x_StdPeriph_Driver\src\stm32f10x_i2c.c(494): warning:  #223-D: function "assert_param" declared implicitly
..\Libraries\STM32F10x_StdPeriph_Driver\src\stm32f10x_i2c.c(518): warning:  #223-D: function "assert_param" declared implicitly
..\Libraries\STM32F10x_StdPeriph_Driver\src\stm32f10x_i2c.c(547): warning:  #223-D: function "assert_param" declared implicitly
..\Libraries\STM32F10x_StdPeriph_Driver\src\stm32f10x_i2c.c(572): warning:  #223-D: function "assert_param" declared implicitly
..\Libraries\STM32F10x_StdPeriph_Driver\src\stm32f10x_i2c.c(585): warning:  #223-D: function "assert_param" declared implicitly
..\Libraries\STM32F10x_StdPeriph_Driver\src\stm32f10x_i2c.c(603): warning:  #223-D: function "assert_param" declared implicitly
..\Libraries\STM32F10x_StdPeriph_Driver\src\stm32f10x_i2c.c(640): warning:  #223-D: function "assert_param" declared implicitly
..\Libraries\STM32F10x_StdPeriph_Driver\src\stm32f10x_i2c.c(660): warning:  #223-D: function "assert_param" declared implicitly
..\Libraries\STM32F10x_StdPeriph_Driver\src\stm32f10x_i2c.c(686): warning:  #223-D: function "assert_param" declared implicitly
..\Libraries\STM32F10x_StdPeriph_Driver\src\stm32f10x_i2c.c(710): warning:  #223-D: function "assert_param" declared implicitly
..\Libraries\STM32F10x_StdPeriph_Driver\src\stm32f10x_i2c.c(736): warning:  #223-D: function "assert_param" declared implicitly
..\Libraries\STM32F10x_StdPeriph_Driver\src\stm32f10x_i2c.c(760): warning:  #223-D: function "assert_param" declared implicitly
..\Libraries\STM32F10x_StdPeriph_Driver\src\stm32f10x_i2c.c(782): warning:  #223-D: function "assert_param" declared implicitly
..\Libraries\STM32F10x_StdPeriph_Driver\src\stm32f10x_i2c.c(797): warning:  #223-D: function "assert_param" declared implicitly
..\Libraries\STM32F10x_StdPeriph_Driver\src\stm32f10x_i2c.c(821): warning:  #223-D: function "assert_param" declared implicitly
..\Libraries\STM32F10x_StdPeriph_Driver\src\stm32f10x_i2c.c(847): warning:  #223-D: function "assert_param" declared implicitly
..\Libraries\STM32F10x_StdPeriph_Driver\src\stm32f10x_i2c.c(991): warning:  #223-D: function "assert_param" declared implicitly
..\Libraries\STM32F10x_StdPeriph_Driver\src\stm32f10x_i2c.c(1038): warning:  #223-D: function "assert_param" declared implicitly
..\Libraries\STM32F10x_StdPeriph_Driver\src\stm32f10x_i2c.c(1093): warning:  #223-D: function "assert_param" declared implicitly
..\Libraries\STM32F10x_StdPeriph_Driver\src\stm32f10x_i2c.c(1170): warning:  #223-D: function "assert_param" declared implicitly
..\Libraries\STM32F10x_StdPeriph_Driver\src\stm32f10x_i2c.c(1206): warning:  #223-D: function "assert_param" declared implicitly
..\Libraries\STM32F10x_StdPeriph_Driver\src\stm32f10x_i2c.c(1265): warning:  #223-D: function "assert_param" declared implicitly
compiling stm32f10x_iwdg.c...
..\Libraries\STM32F10x_StdPeriph_Driver\src\stm32f10x_iwdg.c(94): warning:  #223-D: function "assert_param" declared implicitly
..\Libraries\STM32F10x_StdPeriph_Driver\src\stm32f10x_iwdg.c(114): warning:  #223-D: function "assert_param" declared implicitly
..\Libraries\STM32F10x_StdPeriph_Driver\src\stm32f10x_iwdg.c(127): warning:  #223-D: function "assert_param" declared implicitly
..\Libraries\STM32F10x_StdPeriph_Driver\src\stm32f10x_iwdg.c(164): warning:  #223-D: function "assert_param" declared implicitly
compiling stm32f10x_pwr.c...
..\Libraries\STM32F10x_StdPeriph_Driver\src\stm32f10x_pwr.c(126): warning:  #223-D: function "assert_param" declared implicitly
..\Libraries\STM32F10x_StdPeriph_Driver\src\stm32f10x_pwr.c(139): warning:  #223-D: function "assert_param" declared implicitly
..\Libraries\STM32F10x_StdPeriph_Driver\src\stm32f10x_pwr.c(161): warning:  #223-D: function "assert_param" declared implicitly
..\Libraries\STM32F10x_StdPeriph_Driver\src\stm32f10x_pwr.c(180): warning:  #223-D: function "assert_param" declared implicitly
..\Libraries\STM32F10x_StdPeriph_Driver\src\stm32f10x_pwr.c(200): warning:  #223-D: function "assert_param" declared implicitly
..\Libraries\STM32F10x_StdPeriph_Driver\src\stm32f10x_pwr.c(264): warning:  #223-D: function "assert_param" declared implicitly
..\Libraries\STM32F10x_StdPeriph_Driver\src\stm32f10x_pwr.c(289): warning:  #223-D: function "assert_param" declared implicitly
compiling stm32f10x_rcc.c...
..\Libraries\STM32F10x_StdPeriph_Driver\src\stm32f10x_rcc.c(272): warning:  #223-D: function "assert_param" declared implicitly
..\Libraries\STM32F10x_StdPeriph_Driver\src\stm32f10x_rcc.c(337): warning:  #223-D: function "assert_param" declared implicitly
..\Libraries\STM32F10x_StdPeriph_Driver\src\stm32f10x_rcc.c(356): warning:  #223-D: function "assert_param" declared implicitly
..\Libraries\STM32F10x_StdPeriph_Driver\src\stm32f10x_rcc.c(382): warning:  #223-D: function "assert_param" declared implicitly
..\Libraries\STM32F10x_StdPeriph_Driver\src\stm32f10x_rcc.c(403): warning:  #223-D: function "assert_param" declared implicitly
..\Libraries\STM32F10x_StdPeriph_Driver\src\stm32f10x_rcc.c(567): warning:  #223-D: function "assert_param" declared implicitly
..\Libraries\STM32F10x_StdPeriph_Driver\src\stm32f10x_rcc.c(611): warning:  #223-D: function "assert_param" declared implicitly
..\Libraries\STM32F10x_StdPeriph_Driver\src\stm32f10x_rcc.c(637): warning:  #223-D: function "assert_param" declared implicitly
..\Libraries\STM32F10x_StdPeriph_Driver\src\stm32f10x_rcc.c(663): warning:  #223-D: function "assert_param" declared implicitly
..\Libraries\STM32F10x_StdPeriph_Driver\src\stm32f10x_rcc.c(702): warning:  #223-D: function "assert_param" declared implicitly
..\Libraries\STM32F10x_StdPeriph_Driver\src\stm32f10x_rcc.c(730): warning:  #223-D: function "assert_param" declared implicitly
..\Libraries\STM32F10x_StdPeriph_Driver\src\stm32f10x_rcc.c(769): warning:  #223-D: function "assert_param" declared implicitly
..\Libraries\STM32F10x_StdPeriph_Driver\src\stm32f10x_rcc.c(831): warning:  #223-D: function "assert_param" declared implicitly
..\Libraries\STM32F10x_StdPeriph_Driver\src\stm32f10x_rcc.c(864): warning:  #223-D: function "assert_param" declared implicitly
..\Libraries\STM32F10x_StdPeriph_Driver\src\stm32f10x_rcc.c(881): warning:  #223-D: function "assert_param" declared implicitly
..\Libraries\STM32F10x_StdPeriph_Driver\src\stm32f10x_rcc.c(895): warning:  #223-D: function "assert_param" declared implicitly
..\Libraries\STM32F10x_StdPeriph_Driver\src\stm32f10x_rcc.c(1066): warning:  #223-D: function "assert_param" declared implicitly
..\Libraries\STM32F10x_StdPeriph_Driver\src\stm32f10x_rcc.c(1097): warning:  #223-D: function "assert_param" declared implicitly
..\Libraries\STM32F10x_StdPeriph_Driver\src\stm32f10x_rcc.c(1128): warning:  #223-D: function "assert_param" declared implicitly
..\Libraries\STM32F10x_StdPeriph_Driver\src\stm32f10x_rcc.c(1187): warning:  #223-D: function "assert_param" declared implicitly
..\Libraries\STM32F10x_StdPeriph_Driver\src\stm32f10x_rcc.c(1218): warning:  #223-D: function "assert_param" declared implicitly
..\Libraries\STM32F10x_StdPeriph_Driver\src\stm32f10x_rcc.c(1239): warning:  #223-D: function "assert_param" declared implicitly
..\Libraries\STM32F10x_StdPeriph_Driver\src\stm32f10x_rcc.c(1252): warning:  #223-D: function "assert_param" declared implicitly
..\Libraries\STM32F10x_StdPeriph_Driver\src\stm32f10x_rcc.c(1284): warning:  #223-D: function "assert_param" declared implicitly
..\Libraries\STM32F10x_StdPeriph_Driver\src\stm32f10x_rcc.c(1331): warning:  #223-D: function "assert_param" declared implicitly
..\Libraries\STM32F10x_StdPeriph_Driver\src\stm32f10x_rcc.c(1405): warning:  #223-D: function "assert_param" declared implicitly
..\Libraries\STM32F10x_StdPeriph_Driver\src\stm32f10x_rcc.c(1450): warning:  #223-D: function "assert_param" declared implicitly
compiling stm32f10x_rtc.c...
..\Libraries\STM32F10x_StdPeriph_Driver\src\stm32f10x_rtc.c(92): warning:  #223-D: function "assert_param" declared implicitly
..\Libraries\STM32F10x_StdPeriph_Driver\src\stm32f10x_rtc.c(162): warning:  #223-D: function "assert_param" declared implicitly
..\Libraries\STM32F10x_StdPeriph_Driver\src\stm32f10x_rtc.c(248): warning:  #223-D: function "assert_param" declared implicitly
..\Libraries\STM32F10x_StdPeriph_Driver\src\stm32f10x_rtc.c(275): warning:  #223-D: function "assert_param" declared implicitly
..\Libraries\STM32F10x_StdPeriph_Driver\src\stm32f10x_rtc.c(294): warning:  #223-D: function "assert_param" declared implicitly
..\Libraries\STM32F10x_StdPeriph_Driver\src\stm32f10x_rtc.c(320): warning:  #223-D: function "assert_param" declared implicitly
compiling stm32f10x_sdio.c...
..\Libraries\STM32F10x_StdPeriph_Driver\src\stm32f10x_sdio.c(185): warning:  #223-D: function "assert_param" declared implicitly
..\Libraries\STM32F10x_StdPeriph_Driver\src\stm32f10x_sdio.c(237): warning:  #223-D: function "assert_param" declared implicitly
..\Libraries\STM32F10x_StdPeriph_Driver\src\stm32f10x_sdio.c(253): warning:  #223-D: function "assert_param" declared implicitly
..\Libraries\STM32F10x_StdPeriph_Driver\src\stm32f10x_sdio.c(309): warning:  #223-D: function "assert_param" declared implicitly
..\Libraries\STM32F10x_StdPeriph_Driver\src\stm32f10x_sdio.c(333): warning:  #223-D: function "assert_param" declared implicitly
..\Libraries\STM32F10x_StdPeriph_Driver\src\stm32f10x_sdio.c(350): warning:  #223-D: function "assert_param" declared implicitly
..\Libraries\STM32F10x_StdPeriph_Driver\src\stm32f10x_sdio.c(416): warning:  #223-D: function "assert_param" declared implicitly
..\Libraries\STM32F10x_StdPeriph_Driver\src\stm32f10x_sdio.c(435): warning:  #223-D: function "assert_param" declared implicitly
..\Libraries\STM32F10x_StdPeriph_Driver\src\stm32f10x_sdio.c(531): warning:  #223-D: function "assert_param" declared implicitly
..\Libraries\STM32F10x_StdPeriph_Driver\src\stm32f10x_sdio.c(545): warning:  #223-D: function "assert_param" declared implicitly
..\Libraries\STM32F10x_StdPeriph_Driver\src\stm32f10x_sdio.c(561): warning:  #223-D: function "assert_param" declared implicitly
..\Libraries\STM32F10x_StdPeriph_Driver\src\stm32f10x_sdio.c(575): warning:  #223-D: function "assert_param" declared implicitly
..\Libraries\STM32F10x_StdPeriph_Driver\src\stm32f10x_sdio.c(589): warning:  #223-D: function "assert_param" declared implicitly
..\Libraries\STM32F10x_StdPeriph_Driver\src\stm32f10x_sdio.c(603): warning:  #223-D: function "assert_param" declared implicitly
..\Libraries\STM32F10x_StdPeriph_Driver\src\stm32f10x_sdio.c(616): warning:  #223-D: function "assert_param" declared implicitly
..\Libraries\STM32F10x_StdPeriph_Driver\src\stm32f10x_sdio.c(629): warning:  #223-D: function "assert_param" declared implicitly
..\Libraries\STM32F10x_StdPeriph_Driver\src\stm32f10x_sdio.c(670): warning:  #223-D: function "assert_param" declared implicitly
..\Libraries\STM32F10x_StdPeriph_Driver\src\stm32f10x_sdio.c(706): warning:  #223-D: function "assert_param" declared implicitly
..\Libraries\STM32F10x_StdPeriph_Driver\src\stm32f10x_sdio.c(747): warning:  #223-D: function "assert_param" declared implicitly
..\Libraries\STM32F10x_StdPeriph_Driver\src\stm32f10x_sdio.c(781): warning:  #223-D: function "assert_param" declared implicitly
compiling stm32f10x_spi.c...
..\Libraries\STM32F10x_StdPeriph_Driver\src\stm32f10x_spi.c(121): warning:  #223-D: function "assert_param" declared implicitly
..\Libraries\STM32F10x_StdPeriph_Driver\src\stm32f10x_spi.c(162): warning:  #223-D: function "assert_param" declared implicitly
..\Libraries\STM32F10x_StdPeriph_Driver\src\stm32f10x_spi.c(226): warning:  #223-D: function "assert_param" declared implicitly
..\Libraries\STM32F10x_StdPeriph_Driver\src\stm32f10x_spi.c(429): warning:  #223-D: function "assert_param" declared implicitly
..\Libraries\STM32F10x_StdPeriph_Driver\src\stm32f10x_spi.c(453): warning:  #223-D: function "assert_param" declared implicitly
..\Libraries\STM32F10x_StdPeriph_Driver\src\stm32f10x_spi.c(485): warning:  #223-D: function "assert_param" declared implicitly
..\Libraries\STM32F10x_StdPeriph_Driver\src\stm32f10x_spi.c(523): warning:  #223-D: function "assert_param" declared implicitly
..\Libraries\STM32F10x_StdPeriph_Driver\src\stm32f10x_spi.c(549): warning:  #223-D: function "assert_param" declared implicitly
..\Libraries\STM32F10x_StdPeriph_Driver\src\stm32f10x_spi.c(565): warning:  #223-D: function "assert_param" declared implicitly
..\Libraries\STM32F10x_StdPeriph_Driver\src\stm32f10x_spi.c(583): warning:  #223-D: function "assert_param" declared implicitly
..\Libraries\STM32F10x_StdPeriph_Driver\src\stm32f10x_spi.c(607): warning:  #223-D: function "assert_param" declared implicitly
..\Libraries\STM32F10x_StdPeriph_Driver\src\stm32f10x_spi.c(633): warning:  #223-D: function "assert_param" declared implicitly
..\Libraries\STM32F10x_StdPeriph_Driver\src\stm32f10x_spi.c(649): warning:  #223-D: function "assert_param" declared implicitly
..\Libraries\STM32F10x_StdPeriph_Driver\src\stm32f10x_spi.c(665): warning:  #223-D: function "assert_param" declared implicitly
..\Libraries\STM32F10x_StdPeriph_Driver\src\stm32f10x_spi.c(692): warning:  #223-D: function "assert_param" declared implicitly
..\Libraries\STM32F10x_StdPeriph_Driver\src\stm32f10x_spi.c(716): warning:  #223-D: function "assert_param" declared implicitly
..\Libraries\STM32F10x_StdPeriph_Driver\src\stm32f10x_spi.c(734): warning:  #223-D: function "assert_param" declared implicitly
..\Libraries\STM32F10x_StdPeriph_Driver\src\stm32f10x_spi.c(769): warning:  #223-D: function "assert_param" declared implicitly
..\Libraries\STM32F10x_StdPeriph_Driver\src\stm32f10x_spi.c(806): warning:  #223-D: function "assert_param" declared implicitly
..\Libraries\STM32F10x_StdPeriph_Driver\src\stm32f10x_spi.c(834): warning:  #223-D: function "assert_param" declared implicitly
..\Libraries\STM32F10x_StdPeriph_Driver\src\stm32f10x_spi.c(886): warning:  #223-D: function "assert_param" declared implicitly
compiling stm32f10x_tim.c...
..\Libraries\STM32F10x_StdPeriph_Driver\src\stm32f10x_tim.c(124): warning:  #223-D: function "assert_param" declared implicitly
..\Libraries\STM32F10x_StdPeriph_Driver\src\stm32f10x_tim.c(229): warning:  #223-D: function "assert_param" declared implicitly
..\Libraries\STM32F10x_StdPeriph_Driver\src\stm32f10x_tim.c(282): warning:  #223-D: function "assert_param" declared implicitly
..\Libraries\STM32F10x_StdPeriph_Driver\src\stm32f10x_tim.c(365): warning:  #223-D: function "assert_param" declared implicitly
..\Libraries\STM32F10x_StdPeriph_Driver\src\stm32f10x_tim.c(447): warning:  #223-D: function "assert_param" declared implicitly
..\Libraries\STM32F10x_StdPeriph_Driver\src\stm32f10x_tim.c(526): warning:  #223-D: function "assert_param" declared implicitly
..\Libraries\STM32F10x_StdPeriph_Driver\src\stm32f10x_tim.c(588): warning:  #223-D: function "assert_param" declared implicitly
..\Libraries\STM32F10x_StdPeriph_Driver\src\stm32f10x_tim.c(657): warning:  #223-D: function "assert_param" declared implicitly
..\Libraries\STM32F10x_StdPeriph_Driver\src\stm32f10x_tim.c(713): warning:  #223-D: function "assert_param" declared implicitly
..\Libraries\STM32F10x_StdPeriph_Driver\src\stm32f10x_tim.c(807): warning:  #223-D: function "assert_param" declared implicitly
..\Libraries\STM32F10x_StdPeriph_Driver\src\stm32f10x_tim.c(832): warning:  #223-D: function "assert_param" declared implicitly
..\Libraries\STM32F10x_StdPeriph_Driver\src\stm32f10x_tim.c(873): warning:  #223-D: function "assert_param" declared implicitly
..\Libraries\STM32F10x_StdPeriph_Driver\src\stm32f10x_tim.c(910): warning:  #223-D: function "assert_param" declared implicitly
..\Libraries\STM32F10x_StdPeriph_Driver\src\stm32f10x_tim.c(938): warning:  #223-D: function "assert_param" declared implicitly
..\Libraries\STM32F10x_StdPeriph_Driver\src\stm32f10x_tim.c(965): warning:  #223-D: function "assert_param" declared implicitly
..\Libraries\STM32F10x_StdPeriph_Driver\src\stm32f10x_tim.c(990): warning:  #223-D: function "assert_param" declared implicitly
..\Libraries\STM32F10x_StdPeriph_Driver\src\stm32f10x_tim.c(1009): warning:  #223-D: function "assert_param" declared implicitly
..\Libraries\STM32F10x_StdPeriph_Driver\src\stm32f10x_tim.c(1037): warning:  #223-D: function "assert_param" declared implicitly
..\Libraries\STM32F10x_StdPeriph_Driver\src\stm32f10x_tim.c(1078): warning:  #223-D: function "assert_param" declared implicitly
..\Libraries\STM32F10x_StdPeriph_Driver\src\stm32f10x_tim.c(1119): warning:  #223-D: function "assert_param" declared implicitly
..\Libraries\STM32F10x_StdPeriph_Driver\src\stm32f10x_tim.c(1151): warning:  #223-D: function "assert_param" declared implicitly
..\Libraries\STM32F10x_StdPeriph_Driver\src\stm32f10x_tim.c(1177): warning:  #223-D: function "assert_param" declared implicitly
..\Libraries\STM32F10x_StdPeriph_Driver\src\stm32f10x_tim.c(1201): warning:  #223-D: function "assert_param" declared implicitly
..\Libraries\STM32F10x_StdPeriph_Driver\src\stm32f10x_tim.c(1231): warning:  #223-D: function "assert_param" declared implicitly
..\Libraries\STM32F10x_StdPeriph_Driver\src\stm32f10x_tim.c(1270): warning:  #223-D: function "assert_param" declared implicitly
..\Libraries\STM32F10x_StdPeriph_Driver\src\stm32f10x_tim.c(1317): warning:  #223-D: function "assert_param" declared implicitly
..\Libraries\STM32F10x_StdPeriph_Driver\src\stm32f10x_tim.c(1341): warning:  #223-D: function "assert_param" declared implicitly
..\Libraries\STM32F10x_StdPeriph_Driver\src\stm32f10x_tim.c(1365): warning:  #223-D: function "assert_param" declared implicitly
..\Libraries\STM32F10x_StdPeriph_Driver\src\stm32f10x_tim.c(1389): warning:  #223-D: function "assert_param" declared implicitly
..\Libraries\STM32F10x_StdPeriph_Driver\src\stm32f10x_tim.c(1410): warning:  #223-D: function "assert_param" declared implicitly
..\Libraries\STM32F10x_StdPeriph_Driver\src\stm32f10x_tim.c(1434): warning:  #223-D: function "assert_param" declared implicitly
..\Libraries\STM32F10x_StdPeriph_Driver\src\stm32f10x_tim.c(1459): warning:  #223-D: function "assert_param" declared implicitly
..\Libraries\STM32F10x_StdPeriph_Driver\src\stm32f10x_tim.c(1484): warning:  #223-D: function "assert_param" declared implicitly
..\Libraries\STM32F10x_StdPeriph_Driver\src\stm32f10x_tim.c(1511): warning:  #223-D: function "assert_param" declared implicitly
..\Libraries\STM32F10x_StdPeriph_Driver\src\stm32f10x_tim.c(1536): warning:  #223-D: function "assert_param" declared implicitly
..\Libraries\STM32F10x_StdPeriph_Driver\src\stm32f10x_tim.c(1560): warning:  #223-D: function "assert_param" declared implicitly
..\Libraries\STM32F10x_StdPeriph_Driver\src\stm32f10x_tim.c(1584): warning:  #223-D: function "assert_param" declared implicitly
..\Libraries\STM32F10x_StdPeriph_Driver\src\stm32f10x_tim.c(1608): warning:  #223-D: function "assert_param" declared implicitly
..\Libraries\STM32F10x_StdPeriph_Driver\src\stm32f10x_tim.c(1634): warning:  #223-D: function "assert_param" declared implicitly
..\Libraries\STM32F10x_StdPeriph_Driver\src\stm32f10x_tim.c(1659): warning:  #223-D: function "assert_param" declared implicitly
..\Libraries\STM32F10x_StdPeriph_Driver\src\stm32f10x_tim.c(1684): warning:  #223-D: function "assert_param" declared implicitly
..\Libraries\STM32F10x_StdPeriph_Driver\src\stm32f10x_tim.c(1709): warning:  #223-D: function "assert_param" declared implicitly
..\Libraries\STM32F10x_StdPeriph_Driver\src\stm32f10x_tim.c(1735): warning:  #223-D: function "assert_param" declared implicitly
..\Libraries\STM32F10x_StdPeriph_Driver\src\stm32f10x_tim.c(1759): warning:  #223-D: function "assert_param" declared implicitly
..\Libraries\STM32F10x_StdPeriph_Driver\src\stm32f10x_tim.c(1783): warning:  #223-D: function "assert_param" declared implicitly
..\Libraries\STM32F10x_StdPeriph_Driver\src\stm32f10x_tim.c(1807): warning:  #223-D: function "assert_param" declared implicitly
..\Libraries\STM32F10x_StdPeriph_Driver\src\stm32f10x_tim.c(1830): warning:  #223-D: function "assert_param" declared implicitly
..\Libraries\STM32F10x_StdPeriph_Driver\src\stm32f10x_tim.c(1854): warning:  #223-D: function "assert_param" declared implicitly
..\Libraries\STM32F10x_StdPeriph_Driver\src\stm32f10x_tim.c(1877): warning:  #223-D: function "assert_param" declared implicitly
..\Libraries\STM32F10x_StdPeriph_Driver\src\stm32f10x_tim.c(1901): warning:  #223-D: function "assert_param" declared implicitly
..\Libraries\STM32F10x_StdPeriph_Driver\src\stm32f10x_tim.c(1925): warning:  #223-D: function "assert_param" declared implicitly
..\Libraries\STM32F10x_StdPeriph_Driver\src\stm32f10x_tim.c(1949): warning:  #223-D: function "assert_param" declared implicitly
..\Libraries\STM32F10x_StdPeriph_Driver\src\stm32f10x_tim.c(1977): warning:  #223-D: function "assert_param" declared implicitly
..\Libraries\STM32F10x_StdPeriph_Driver\src\stm32f10x_tim.c(2007): warning:  #223-D: function "assert_param" declared implicitly
..\Libraries\STM32F10x_StdPeriph_Driver\src\stm32f10x_tim.c(2049): warning:  #223-D: function "assert_param" declared implicitly
..\Libraries\STM32F10x_StdPeriph_Driver\src\stm32f10x_tim.c(2093): warning:  #223-D: function "assert_param" declared implicitly
..\Libraries\STM32F10x_StdPeriph_Driver\src\stm32f10x_tim.c(2121): warning:  #223-D: function "assert_param" declared implicitly
..\Libraries\STM32F10x_StdPeriph_Driver\src\stm32f10x_tim.c(2145): warning:  #223-D: function "assert_param" declared implicitly
..\Libraries\STM32F10x_StdPeriph_Driver\src\stm32f10x_tim.c(2171): warning:  #223-D: function "assert_param" declared implicitly
..\Libraries\STM32F10x_StdPeriph_Driver\src\stm32f10x_tim.c(2203): warning:  #223-D: function "assert_param" declared implicitly
..\Libraries\STM32F10x_StdPeriph_Driver\src\stm32f10x_tim.c(2226): warning:  #223-D: function "assert_param" declared implicitly
..\Libraries\STM32F10x_StdPeriph_Driver\src\stm32f10x_tim.c(2247): warning:  #223-D: function "assert_param" declared implicitly
..\Libraries\STM32F10x_StdPeriph_Driver\src\stm32f10x_tim.c(2265): warning:  #223-D: function "assert_param" declared implicitly
..\Libraries\STM32F10x_StdPeriph_Driver\src\stm32f10x_tim.c(2279): warning:  #223-D: function "assert_param" declared implicitly
..\Libraries\STM32F10x_StdPeriph_Driver\src\stm32f10x_tim.c(2293): warning:  #223-D: function "assert_param" declared implicitly
..\Libraries\STM32F10x_StdPeriph_Driver\src\stm32f10x_tim.c(2307): warning:  #223-D: function "assert_param" declared implicitly
..\Libraries\STM32F10x_StdPeriph_Driver\src\stm32f10x_tim.c(2321): warning:  #223-D: function "assert_param" declared implicitly
..\Libraries\STM32F10x_StdPeriph_Driver\src\stm32f10x_tim.c(2335): warning:  #223-D: function "assert_param" declared implicitly
..\Libraries\STM32F10x_StdPeriph_Driver\src\stm32f10x_tim.c(2354): warning:  #223-D: function "assert_param" declared implicitly
..\Libraries\STM32F10x_StdPeriph_Driver\src\stm32f10x_tim.c(2376): warning:  #223-D: function "assert_param" declared implicitly
..\Libraries\STM32F10x_StdPeriph_Driver\src\stm32f10x_tim.c(2398): warning:  #223-D: function "assert_param" declared implicitly
..\Libraries\STM32F10x_StdPeriph_Driver\src\stm32f10x_tim.c(2420): warning:  #223-D: function "assert_param" declared implicitly
..\Libraries\STM32F10x_StdPeriph_Driver\src\stm32f10x_tim.c(2442): warning:  #223-D: function "assert_param" declared implicitly
..\Libraries\STM32F10x_StdPeriph_Driver\src\stm32f10x_tim.c(2458): warning:  #223-D: function "assert_param" declared implicitly
..\Libraries\STM32F10x_StdPeriph_Driver\src\stm32f10x_tim.c(2471): warning:  #223-D: function "assert_param" declared implicitly
..\Libraries\STM32F10x_StdPeriph_Driver\src\stm32f10x_tim.c(2484): warning:  #223-D: function "assert_param" declared implicitly
..\Libraries\STM32F10x_StdPeriph_Driver\src\stm32f10x_tim.c(2497): warning:  #223-D: function "assert_param" declared implicitly
..\Libraries\STM32F10x_StdPeriph_Driver\src\stm32f10x_tim.c(2510): warning:  #223-D: function "assert_param" declared implicitly
..\Libraries\STM32F10x_StdPeriph_Driver\src\stm32f10x_tim.c(2523): warning:  #223-D: function "assert_param" declared implicitly
..\Libraries\STM32F10x_StdPeriph_Driver\src\stm32f10x_tim.c(2558): warning:  #223-D: function "assert_param" declared implicitly
..\Libraries\STM32F10x_StdPeriph_Driver\src\stm32f10x_tim.c(2601): warning:  #223-D: function "assert_param" declared implicitly
..\Libraries\STM32F10x_StdPeriph_Driver\src\stm32f10x_tim.c(2635): warning:  #223-D: function "assert_param" declared implicitly
..\Libraries\STM32F10x_StdPeriph_Driver\src\stm32f10x_tim.c(2677): warning:  #223-D: function "assert_param" declared implicitly
compiling stm32f10x_usart.c...
..\Libraries\STM32F10x_StdPeriph_Driver\src\stm32f10x_usart.c(131): warning:  #223-D: function "assert_param" declared implicitly
..\Libraries\STM32F10x_StdPeriph_Driver\src\stm32f10x_usart.c(181): warning:  #223-D: function "assert_param" declared implicitly
..\Libraries\STM32F10x_StdPeriph_Driver\src\stm32f10x_usart.c(303): warning:  #223-D: function "assert_param" declared implicitly
..\Libraries\STM32F10x_StdPeriph_Driver\src\stm32f10x_usart.c(351): warning:  #223-D: function "assert_param" declared implicitly
..\Libraries\STM32F10x_StdPeriph_Driver\src\stm32f10x_usart.c(390): warning:  #223-D: function "assert_param" declared implicitly
..\Libraries\STM32F10x_StdPeriph_Driver\src\stm32f10x_usart.c(448): warning:  #223-D: function "assert_param" declared implicitly
..\Libraries\STM32F10x_StdPeriph_Driver\src\stm32f10x_usart.c(476): warning:  #223-D: function "assert_param" declared implicitly
..\Libraries\STM32F10x_StdPeriph_Driver\src\stm32f10x_usart.c(499): warning:  #223-D: function "assert_param" declared implicitly
..\Libraries\STM32F10x_StdPeriph_Driver\src\stm32f10x_usart.c(518): warning:  #223-D: function "assert_param" declared implicitly
..\Libraries\STM32F10x_StdPeriph_Driver\src\stm32f10x_usart.c(547): warning:  #223-D: function "assert_param" declared implicitly
..\Libraries\STM32F10x_StdPeriph_Driver\src\stm32f10x_usart.c(566): warning:  #223-D: function "assert_param" declared implicitly
..\Libraries\STM32F10x_StdPeriph_Driver\src\stm32f10x_usart.c(592): warning:  #223-D: function "assert_param" declared implicitly
..\Libraries\STM32F10x_StdPeriph_Driver\src\stm32f10x_usart.c(609): warning:  #223-D: function "assert_param" declared implicitly
..\Libraries\STM32F10x_StdPeriph_Driver\src\stm32f10x_usart.c(625): warning:  #223-D: function "assert_param" declared implicitly
..\Libraries\STM32F10x_StdPeriph_Driver\src\stm32f10x_usart.c(641): warning:  #223-D: function "assert_param" declared implicitly
..\Libraries\STM32F10x_StdPeriph_Driver\src\stm32f10x_usart.c(661): warning:  #223-D: function "assert_param" declared implicitly
..\Libraries\STM32F10x_StdPeriph_Driver\src\stm32f10x_usart.c(680): warning:  #223-D: function "assert_param" declared implicitly
..\Libraries\STM32F10x_StdPeriph_Driver\src\stm32f10x_usart.c(705): warning:  #223-D: function "assert_param" declared implicitly
..\Libraries\STM32F10x_StdPeriph_Driver\src\stm32f10x_usart.c(731): warning:  #223-D: function "assert_param" declared implicitly
..\Libraries\STM32F10x_StdPeriph_Driver\src\stm32f10x_usart.c(762): warning:  #223-D: function "assert_param" declared implicitly
..\Libraries\STM32F10x_StdPeriph_Driver\src\stm32f10x_usart.c(789): warning:  #223-D: function "assert_param" declared implicitly
..\Libraries\STM32F10x_StdPeriph_Driver\src\stm32f10x_usart.c(818): warning:  #223-D: function "assert_param" declared implicitly
..\Libraries\STM32F10x_StdPeriph_Driver\src\stm32f10x_usart.c(837): warning:  #223-D: function "assert_param" declared implicitly
..\Libraries\STM32F10x_StdPeriph_Driver\src\stm32f10x_usart.c(875): warning:  #223-D: function "assert_param" declared implicitly
..\Libraries\STM32F10x_StdPeriph_Driver\src\stm32f10x_usart.c(923): warning:  #223-D: function "assert_param" declared implicitly
..\Libraries\STM32F10x_StdPeriph_Driver\src\stm32f10x_usart.c(958): warning:  #223-D: function "assert_param" declared implicitly
..\Libraries\STM32F10x_StdPeriph_Driver\src\stm32f10x_usart.c(1031): warning:  #223-D: function "assert_param" declared implicitly
compiling stm32f10x_wwdg.c...
..\Libraries\STM32F10x_StdPeriph_Driver\src\stm32f10x_wwdg.c(121): warning:  #223-D: function "assert_param" declared implicitly
..\Libraries\STM32F10x_StdPeriph_Driver\src\stm32f10x_wwdg.c(141): warning:  #223-D: function "assert_param" declared implicitly
..\Libraries\STM32F10x_StdPeriph_Driver\src\stm32f10x_wwdg.c(172): warning:  #223-D: function "assert_param" declared implicitly
..\Libraries\STM32F10x_StdPeriph_Driver\src\stm32f10x_wwdg.c(187): warning:  #223-D: function "assert_param" declared implicitly
compiling system_stm32f10x.c...
compiling core_cm3.c...
assembling startup_stm32f10x_cl.s...
assembling startup_stm32f10x_hd.s...
assembling startup_stm32f10x_hd_vl.s...
assembling startup_stm32f10x_ld.s...
assembling startup_stm32f10x_ld_vl.s...
assembling startup_stm32f10x_md.s...
assembling startup_stm32f10x_md_vl.s...
assembling startup_stm32f10x_xl.s...
Target not created
Build target 'CreativeST_VC'
compiling stm32f10x_it.c...
compiling led.c...
..\led.c(24): error:  #5: cannot open source input file "delay.h": No such file or directory
compiling main.c...
..\main.c(26): error:  #5: cannot open source input file "delay.h": No such file or directory
compiling printf.c...
compiling misc.c...
compiling stm32f10x_adc.c...
compiling stm32f10x_bkp.c...
compiling stm32f10x_can.c...
compiling stm32f10x_cec.c...
compiling stm32f10x_crc.c...
compiling stm32f10x_dac.c...
compiling stm32f10x_dbgmcu.c...
compiling stm32f10x_dma.c...
compiling stm32f10x_exti.c...
compiling stm32f10x_flash.c...
compiling stm32f10x_fsmc.c...
compiling stm32f10x_gpio.c...
compiling stm32f10x_i2c.c...
compiling stm32f10x_iwdg.c...
compiling stm32f10x_pwr.c...
compiling stm32f10x_rcc.c...
compiling stm32f10x_rtc.c...
compiling stm32f10x_sdio.c...
compiling stm32f10x_spi.c...
compiling stm32f10x_tim.c...
compiling stm32f10x_usart.c...
compiling stm32f10x_wwdg.c...
compiling system_stm32f10x.c...
compiling core_cm3.c...
Target not created
Build target 'CreativeST_VC'
compiling led.c...
..\led.c(24): error:  #5: cannot open source input file "delay.h": No such file or directory
compiling main.c...
..\main.c(26): error:  #5: cannot open source input file "delay.h": No such file or directory
Target not created
Build target 'CreativeST_VC'
compiling stm32f10x_it.c...
stm32f10x_it.c: Error:  #5: cannot open source input file "..\stm32f10x_it.c": No such file or directory
Target not created
Build target 'CreativeST_VC'
compiling stm32f10x_it.c...
stm32f10x_it.c: Error:  #5: cannot open source input file "..\stm32f10x_it.c": No such file or directory
Target not created
Build target 'CreativeST_VC'
compiling stm32f10x_it.c...
stm32f10x_it.c: Error:  #5: cannot open source input file "..\stm32f10x_it.c": No such file or directory
Target not created
